<?xml version="1.0" encoding="UTF-8"?>
<!-- Generated by org.testng.reporters.JUnitXMLReporter -->
<testsuite hostname="Lenovo-PC" ignored="3" name="Default test" tests="1" failures="0" timestamp="18 Apr 2018 17:25:00 GMT" time="7.761" errors="0">
  <testcase name="chromeTest1" time="7.74" classname="GridTests.ChromeFirefoxIEGridTest"/>
  <testcase name="chromeTest" time="0.0" classname="GridTests.ChromeFirefoxIEGridTest">
    <ignored/>
  </testcase> <!-- chromeTest -->
  <testcase name="internetExplorerTest" time="0.0" classname="GridTests.ChromeFirefoxIEGridTest">
    <ignored/>
  </testcase> <!-- internetExplorerTest -->
  <testcase name="firefoxTest" time="0.0" classname="GridTests.ChromeFirefoxIEGridTest">
    <ignored/>
  </testcase> <!-- firefoxTest -->
</testsuite> <!-- Default test -->
