<?xml version="1.0" encoding="UTF-8"?>
<testng-results skipped="0" failed="0" ignored="0" total="0" passed="0">
  <reporter-output>
  </reporter-output>
  <suite name="Suite" duration-ms="6" started-at="2018-04-18T19:32:20Z" finished-at="2018-04-18T19:32:20Z">
    <groups>
    </groups>
    <test name="test1" duration-ms="6" started-at="2018-04-18T19:32:20Z" finished-at="2018-04-18T19:32:20Z">
    </test> <!-- test1 -->
    <test name="test2" duration-ms="6" started-at="2018-04-18T19:32:20Z" finished-at="2018-04-18T19:32:20Z">
    </test> <!-- test2 -->
  </suite> <!-- Suite -->
</testng-results>
